2021-11-16T21:23:58.238394Z 0 [System] [MY-013169] [Server] C:\Users\intec\.projects\checkinout\.mysql\bin\mysqld.exe (mysqld 8.0.27) initializing of server in progress as process 16584
2021-11-16T21:23:58.238618Z 0 [ERROR] [MY-010338] [Server] Can't find error-message file 'C:\Users\intec\.projects\checkinout\share\errmsg.sys'. Check error-message file location and 'lc-messages-dir' configuration directive.
2021-11-16T21:23:58.286164Z 1 [System] [MY-013576] [InnoDB] InnoDB initialization has started.
2021-11-16T21:23:59.250049Z 1 [System] [MY-013577] [InnoDB] InnoDB initialization has ended.
2021-11-16T21:24:01.939981Z 0 [Warning] [MY-013746] [Server] A deprecated TLS version TLSv1 is enabled for channel mysql_main
2021-11-16T21:24:01.940937Z 0 [Warning] [MY-013746] [Server] A deprecated TLS version TLSv1.1 is enabled for channel mysql_main
2021-11-16T21:24:02.815675Z 0 [ERROR] [MY-010147] [Server] Too many arguments (first extra is '\').
2021-11-16T21:24:02.816467Z 0 [ERROR] [MY-013455] [Server] The newly created data directory C:\Users\intec\.projects\checkinout\data\ by --initialize is unusable. You can remove it.
2021-11-16T21:24:02.818552Z 0 [ERROR] [MY-010119] [Server] Aborting
2021-11-16T21:24:04.473783Z 0 [System] [MY-010910] [Server] C:\Users\intec\.projects\checkinout\.mysql\bin\mysqld.exe: Shutdown complete (mysqld 8.0.27)  MySQL Community Server - GPL.
2021-11-16T21:24:38.321825Z 0 [System] [MY-013169] [Server] C:\Users\intec\.projects\checkinout\.mysql\bin\mysqld.exe (mysqld 8.0.27) initializing of server in progress as process 10424
2021-11-16T21:24:38.322001Z 0 [ERROR] [MY-010338] [Server] Can't find error-message file 'C:\Users\intec\.projects\checkinout\share\errmsg.sys'. Check error-message file location and 'lc-messages-dir' configuration directive.
2021-11-16T21:24:38.325425Z 0 [ERROR] [MY-010457] [Server] --initialize specified but the data directory has files in it. Aborting.
2021-11-16T21:24:38.326107Z 0 [ERROR] [MY-013236] [Server] The designated data directory C:\Users\intec\.projects\checkinout\data\ is unusable. You can remove all files that the server added to it.
2021-11-16T21:24:38.331693Z 0 [ERROR] [MY-010119] [Server] Aborting
2021-11-16T21:24:38.332541Z 0 [System] [MY-010910] [Server] C:\Users\intec\.projects\checkinout\.mysql\bin\mysqld.exe: Shutdown complete (mysqld 8.0.27)  MySQL Community Server - GPL.
2021-11-16T21:45:59.607172Z 0 [System] [MY-013169] [Server] C:\Users\intec\.projects\checkinout\.mysql\bin\mysqld.exe (mysqld 8.0.27) initializing of server in progress as process 5312
2021-11-16T21:45:59.607326Z 0 [ERROR] [MY-010338] [Server] Can't find error-message file 'C:\Users\intec\.projects\checkinout\share\errmsg.sys'. Check error-message file location and 'lc-messages-dir' configuration directive.
2021-11-16T21:45:59.609955Z 0 [ERROR] [MY-010457] [Server] --initialize specified but the data directory has files in it. Aborting.
2021-11-16T21:45:59.610708Z 0 [ERROR] [MY-013236] [Server] The designated data directory C:\Users\intec\.projects\checkinout\data\ is unusable. You can remove all files that the server added to it.
2021-11-16T21:45:59.617122Z 0 [ERROR] [MY-010119] [Server] Aborting
2021-11-16T21:45:59.617913Z 0 [System] [MY-010910] [Server] C:\Users\intec\.projects\checkinout\.mysql\bin\mysqld.exe: Shutdown complete (mysqld 8.0.27)  MySQL Community Server - GPL.
2021-11-16T21:48:45.569016Z 0 [System] [MY-013169] [Server] C:\Users\intec\.projects\checkinout\.mysql\bin\mysqld.exe (mysqld 8.0.27) initializing of server in progress as process 23384
2021-11-16T21:48:45.569165Z 0 [ERROR] [MY-010338] [Server] Can't find error-message file 'C:\Users\intec\.projects\checkinout\share\errmsg.sys'. Check error-message file location and 'lc-messages-dir' configuration directive.
2021-11-16T21:48:45.572407Z 0 [ERROR] [MY-010457] [Server] --initialize specified but the data directory has files in it. Aborting.
2021-11-16T21:48:45.572991Z 0 [ERROR] [MY-013236] [Server] The designated data directory C:\Users\intec\.projects\checkinout\data\ is unusable. You can remove all files that the server added to it.
2021-11-16T21:48:45.578735Z 0 [ERROR] [MY-010119] [Server] Aborting
2021-11-16T21:48:45.579570Z 0 [System] [MY-010910] [Server] C:\Users\intec\.projects\checkinout\.mysql\bin\mysqld.exe: Shutdown complete (mysqld 8.0.27)  MySQL Community Server - GPL.
2021-11-16T21:49:09.889957Z 0 [System] [MY-013169] [Server] C:\Users\intec\.projects\checkinout\.mysql\bin\mysqld.exe (mysqld 8.0.27) initializing of server in progress as process 12448
2021-11-16T21:49:09.890106Z 0 [ERROR] [MY-010338] [Server] Can't find error-message file 'C:\Users\intec\.projects\checkinout\share\errmsg.sys'. Check error-message file location and 'lc-messages-dir' configuration directive.
2021-11-16T21:49:09.893200Z 0 [ERROR] [MY-010457] [Server] --initialize specified but the data directory has files in it. Aborting.
2021-11-16T21:49:09.893862Z 0 [ERROR] [MY-013236] [Server] The designated data directory C:\Users\intec\.projects\checkinout\data\ is unusable. You can remove all files that the server added to it.
2021-11-16T21:49:09.900550Z 0 [ERROR] [MY-010119] [Server] Aborting
2021-11-16T21:49:09.901542Z 0 [System] [MY-010910] [Server] C:\Users\intec\.projects\checkinout\.mysql\bin\mysqld.exe: Shutdown complete (mysqld 8.0.27)  MySQL Community Server - GPL.
